2023-06-12 12:21:31.611  INFO 13644 --- [restartedMain] c.c.e.r.ReservationsApplication          : Starting ReservationsApplication using Java 17.0.6 on LAPTOP-LN0UJVO6 with PID 13644 (C:\Users\vishnu parimi\OneDrive\Desktop\IDP-EmployeeTravelDesk\Backend\Parimi Vishnuvaradhan Naidu\reservations\target\classes started by vishnu parimi in C:\Users\vishnu parimi\OneDrive\Desktop\IDP-EmployeeTravelDesk\Backend\Parimi Vishnuvaradhan Naidu\reservations)
2023-06-12 12:21:31.621  INFO 13644 --- [restartedMain] c.c.e.r.ReservationsApplication          : No active profile set, falling back to 1 default profile: "default"
2023-06-12 12:21:31.701  INFO 13644 --- [restartedMain] .e.DevToolsPropertyDefaultsPostProcessor : Devtools property defaults active! Set 'spring.devtools.add-properties' to 'false' to disable
2023-06-12 12:21:31.701  INFO 13644 --- [restartedMain] .e.DevToolsPropertyDefaultsPostProcessor : For additional web related logging consider setting the 'logging.level.web' property to 'DEBUG'
2023-06-12 12:21:32.974  INFO 13644 --- [restartedMain] .s.d.r.c.RepositoryConfigurationDelegate : Bootstrapping Spring Data JPA repositories in DEFAULT mode.
2023-06-12 12:21:33.116  INFO 13644 --- [restartedMain] .s.d.r.c.RepositoryConfigurationDelegate : Finished Spring Data repository scanning in 115 ms. Found 3 JPA repository interfaces.
2023-06-12 12:21:34.199  INFO 13644 --- [restartedMain] o.s.b.w.embedded.tomcat.TomcatWebServer  : Tomcat initialized with port(s): 8089 (http)
2023-06-12 12:21:34.216  INFO 13644 --- [restartedMain] o.apache.catalina.core.StandardService   : Starting service [Tomcat]
2023-06-12 12:21:34.217  INFO 13644 --- [restartedMain] org.apache.catalina.core.StandardEngine  : Starting Servlet engine: [Apache Tomcat/9.0.75]
2023-06-12 12:21:34.341  INFO 13644 --- [restartedMain] o.a.c.c.C.[Tomcat].[localhost].[/]       : Initializing Spring embedded WebApplicationContext
2023-06-12 12:21:34.341  INFO 13644 --- [restartedMain] w.s.c.ServletWebServerApplicationContext : Root WebApplicationContext: initialization completed in 2639 ms
2023-06-12 12:21:34.537  INFO 13644 --- [restartedMain] com.zaxxer.hikari.HikariDataSource       : mydatabase - Starting...
2023-06-12 12:21:35.016  INFO 13644 --- [restartedMain] com.zaxxer.hikari.HikariDataSource       : mydatabase - Start completed.
2023-06-12 12:21:35.086  INFO 13644 --- [restartedMain] o.hibernate.jpa.internal.util.LogHelper  : HHH000204: Processing PersistenceUnitInfo [name: default]
2023-06-12 12:21:35.199  INFO 13644 --- [restartedMain] org.hibernate.Version                    : HHH000412: Hibernate ORM core version 5.6.15.Final
2023-06-12 12:21:35.482  INFO 13644 --- [restartedMain] o.hibernate.annotations.common.Version   : HCANN000001: Hibernate Commons Annotations {5.1.2.Final}
2023-06-12 12:21:35.656  INFO 13644 --- [restartedMain] org.hibernate.dialect.Dialect            : HHH000400: Using dialect: org.hibernate.dialect.MySQL5Dialect
2023-06-12 12:21:36.426  INFO 13644 --- [restartedMain] o.h.e.t.j.p.i.JtaPlatformInitiator       : HHH000490: Using JtaPlatform implementation: [org.hibernate.engine.transaction.jta.platform.internal.NoJtaPlatform]
2023-06-12 12:21:36.439  INFO 13644 --- [restartedMain] j.LocalContainerEntityManagerFactoryBean : Initialized JPA EntityManagerFactory for persistence unit 'default'
2023-06-12 12:21:36.953  WARN 13644 --- [restartedMain] JpaBaseConfiguration$JpaWebConfiguration : spring.jpa.open-in-view is enabled by default. Therefore, database queries may be performed during view rendering. Explicitly configure spring.jpa.open-in-view to disable this warning
2023-06-12 12:21:37.313  INFO 13644 --- [restartedMain] o.s.b.d.a.OptionalLiveReloadServer       : LiveReload server is running on port 35729
2023-06-12 12:21:37.358  INFO 13644 --- [restartedMain] o.s.b.w.embedded.tomcat.TomcatWebServer  : Tomcat started on port(s): 8089 (http) with context path ''
2023-06-12 12:21:37.369  INFO 13644 --- [restartedMain] c.c.e.r.ReservationsApplication          : Started ReservationsApplication in 6.59 seconds (JVM running for 7.204)
2023-06-12 12:23:56.803  INFO 13644 --- [File Watcher] rtingClassPathChangeChangedEventListener : Restarting due to 1 class path change (0 additions, 0 deletions, 1 modification)
2023-06-12 12:23:56.826  INFO 13644 --- [Thread-5] o.apache.catalina.core.StandardService   : Stopping service [Tomcat]
2023-06-12 12:23:56.840  INFO 13644 --- [Thread-5] j.LocalContainerEntityManagerFactoryBean : Closing JPA EntityManagerFactory for persistence unit 'default'
2023-06-12 12:23:56.844  INFO 13644 --- [Thread-5] com.zaxxer.hikari.HikariDataSource       : mydatabase - Shutdown initiated...
2023-06-12 12:23:56.862  INFO 13644 --- [Thread-5] com.zaxxer.hikari.HikariDataSource       : mydatabase - Shutdown completed.
2023-06-12 12:23:56.974  INFO 13644 --- [restartedMain] c.c.e.r.ReservationsApplication          : Starting ReservationsApplication using Java 17.0.6 on LAPTOP-LN0UJVO6 with PID 13644 (C:\Users\vishnu parimi\OneDrive\Desktop\IDP-EmployeeTravelDesk\Backend\Parimi Vishnuvaradhan Naidu\reservations\target\classes started by vishnu parimi in C:\Users\vishnu parimi\OneDrive\Desktop\IDP-EmployeeTravelDesk\Backend\Parimi Vishnuvaradhan Naidu\reservations)
2023-06-12 12:23:56.975  INFO 13644 --- [restartedMain] c.c.e.r.ReservationsApplication          : No active profile set, falling back to 1 default profile: "default"
2023-06-12 12:23:57.572  INFO 13644 --- [restartedMain] .s.d.r.c.RepositoryConfigurationDelegate : Bootstrapping Spring Data JPA repositories in DEFAULT mode.
2023-06-12 12:23:57.639  INFO 13644 --- [restartedMain] .s.d.r.c.RepositoryConfigurationDelegate : Finished Spring Data repository scanning in 66 ms. Found 3 JPA repository interfaces.
2023-06-12 12:23:57.789  INFO 13644 --- [restartedMain] o.s.b.w.embedded.tomcat.TomcatWebServer  : Tomcat initialized with port(s): 8089 (http)
2023-06-12 12:23:57.791  INFO 13644 --- [restartedMain] o.apache.catalina.core.StandardService   : Starting service [Tomcat]
2023-06-12 12:23:57.791  INFO 13644 --- [restartedMain] org.apache.catalina.core.StandardEngine  : Starting Servlet engine: [Apache Tomcat/9.0.75]
2023-06-12 12:23:57.839  INFO 13644 --- [restartedMain] o.a.c.c.C.[Tomcat].[localhost].[/]       : Initializing Spring embedded WebApplicationContext
2023-06-12 12:23:57.840  INFO 13644 --- [restartedMain] w.s.c.ServletWebServerApplicationContext : Root WebApplicationContext: initialization completed in 860 ms
2023-06-12 12:23:57.892  INFO 13644 --- [restartedMain] com.zaxxer.hikari.HikariDataSource       : mydatabase - Starting...
2023-06-12 12:23:57.918  INFO 13644 --- [restartedMain] com.zaxxer.hikari.HikariDataSource       : mydatabase - Start completed.
2023-06-12 12:23:57.926  INFO 13644 --- [restartedMain] o.hibernate.jpa.internal.util.LogHelper  : HHH000204: Processing PersistenceUnitInfo [name: default]
2023-06-12 12:23:57.930  INFO 13644 --- [restartedMain] org.hibernate.dialect.Dialect            : HHH000400: Using dialect: org.hibernate.dialect.MySQL5Dialect
2023-06-12 12:23:58.024  INFO 13644 --- [restartedMain] o.h.e.t.j.p.i.JtaPlatformInitiator       : HHH000490: Using JtaPlatform implementation: [org.hibernate.engine.transaction.jta.platform.internal.NoJtaPlatform]
2023-06-12 12:23:58.025  INFO 13644 --- [restartedMain] j.LocalContainerEntityManagerFactoryBean : Initialized JPA EntityManagerFactory for persistence unit 'default'
2023-06-12 12:23:58.293  WARN 13644 --- [restartedMain] JpaBaseConfiguration$JpaWebConfiguration : spring.jpa.open-in-view is enabled by default. Therefore, database queries may be performed during view rendering. Explicitly configure spring.jpa.open-in-view to disable this warning
2023-06-12 12:23:58.427  INFO 13644 --- [restartedMain] o.s.b.d.a.OptionalLiveReloadServer       : LiveReload server is running on port 35729
2023-06-12 12:23:58.444  INFO 13644 --- [restartedMain] o.s.b.w.embedded.tomcat.TomcatWebServer  : Tomcat started on port(s): 8089 (http) with context path ''
2023-06-12 12:23:58.450  INFO 13644 --- [restartedMain] c.c.e.r.ReservationsApplication          : Started ReservationsApplication in 1.537 seconds (JVM running for 148.284)
2023-06-12 12:23:58.453  INFO 13644 --- [restartedMain] .ConditionEvaluationDeltaLoggingListener : Condition evaluation unchanged
2023-06-12 12:24:03.037  INFO 13644 --- [File Watcher] rtingClassPathChangeChangedEventListener : Restarting due to 3 class path changes (0 additions, 0 deletions, 3 modifications)
2023-06-12 12:24:03.047  INFO 13644 --- [Thread-7] o.apache.catalina.core.StandardService   : Stopping service [Tomcat]
2023-06-12 12:24:03.051  INFO 13644 --- [Thread-7] j.LocalContainerEntityManagerFactoryBean : Closing JPA EntityManagerFactory for persistence unit 'default'
2023-06-12 12:24:03.052  INFO 13644 --- [Thread-7] com.zaxxer.hikari.HikariDataSource       : mydatabase - Shutdown initiated...
2023-06-12 12:24:03.061  INFO 13644 --- [Thread-7] com.zaxxer.hikari.HikariDataSource       : mydatabase - Shutdown completed.
2023-06-12 12:24:03.130  INFO 13644 --- [restartedMain] c.c.e.r.ReservationsApplication          : Starting ReservationsApplication using Java 17.0.6 on LAPTOP-LN0UJVO6 with PID 13644 (C:\Users\vishnu parimi\OneDrive\Desktop\IDP-EmployeeTravelDesk\Backend\Parimi Vishnuvaradhan Naidu\reservations\target\classes started by vishnu parimi in C:\Users\vishnu parimi\OneDrive\Desktop\IDP-EmployeeTravelDesk\Backend\Parimi Vishnuvaradhan Naidu\reservations)
2023-06-12 12:24:03.130  INFO 13644 --- [restartedMain] c.c.e.r.ReservationsApplication          : No active profile set, falling back to 1 default profile: "default"
2023-06-12 12:24:03.391  INFO 13644 --- [restartedMain] .s.d.r.c.RepositoryConfigurationDelegate : Bootstrapping Spring Data JPA repositories in DEFAULT mode.
2023-06-12 12:24:03.412  INFO 13644 --- [restartedMain] .s.d.r.c.RepositoryConfigurationDelegate : Finished Spring Data repository scanning in 19 ms. Found 3 JPA repository interfaces.
2023-06-12 12:24:03.487  INFO 13644 --- [restartedMain] o.s.b.w.embedded.tomcat.TomcatWebServer  : Tomcat initialized with port(s): 8089 (http)
2023-06-12 12:24:03.489  INFO 13644 --- [restartedMain] o.apache.catalina.core.StandardService   : Starting service [Tomcat]
2023-06-12 12:24:03.489  INFO 13644 --- [restartedMain] org.apache.catalina.core.StandardEngine  : Starting Servlet engine: [Apache Tomcat/9.0.75]
2023-06-12 12:24:03.517  INFO 13644 --- [restartedMain] o.a.c.c.C.[Tomcat].[localhost].[/]       : Initializing Spring embedded WebApplicationContext
2023-06-12 12:24:03.517  INFO 13644 --- [restartedMain] w.s.c.ServletWebServerApplicationContext : Root WebApplicationContext: initialization completed in 383 ms
2023-06-12 12:24:03.542  INFO 13644 --- [restartedMain] com.zaxxer.hikari.HikariDataSource       : mydatabase - Starting...
2023-06-12 12:24:03.560  INFO 13644 --- [restartedMain] com.zaxxer.hikari.HikariDataSource       : mydatabase - Start completed.
2023-06-12 12:24:03.567  INFO 13644 --- [restartedMain] o.hibernate.jpa.internal.util.LogHelper  : HHH000204: Processing PersistenceUnitInfo [name: default]
2023-06-12 12:24:03.574  INFO 13644 --- [restartedMain] org.hibernate.dialect.Dialect            : HHH000400: Using dialect: org.hibernate.dialect.MySQL5Dialect
2023-06-12 12:24:03.624  INFO 13644 --- [restartedMain] o.h.e.t.j.p.i.JtaPlatformInitiator       : HHH000490: Using JtaPlatform implementation: [org.hibernate.engine.transaction.jta.platform.internal.NoJtaPlatform]
2023-06-12 12:24:03.625  INFO 13644 --- [restartedMain] j.LocalContainerEntityManagerFactoryBean : Initialized JPA EntityManagerFactory for persistence unit 'default'
2023-06-12 12:24:03.784  WARN 13644 --- [restartedMain] JpaBaseConfiguration$JpaWebConfiguration : spring.jpa.open-in-view is enabled by default. Therefore, database queries may be performed during view rendering. Explicitly configure spring.jpa.open-in-view to disable this warning
2023-06-12 12:24:03.868  INFO 13644 --- [restartedMain] o.s.b.d.a.OptionalLiveReloadServer       : LiveReload server is running on port 35729
2023-06-12 12:24:03.876  INFO 13644 --- [restartedMain] o.s.b.w.embedded.tomcat.TomcatWebServer  : Tomcat started on port(s): 8089 (http) with context path ''
2023-06-12 12:24:03.879  INFO 13644 --- [restartedMain] c.c.e.r.ReservationsApplication          : Started ReservationsApplication in 0.778 seconds (JVM running for 153.713)
2023-06-12 12:24:03.880  INFO 13644 --- [restartedMain] .ConditionEvaluationDeltaLoggingListener : Condition evaluation unchanged
2023-06-12 12:24:54.140  INFO 13644 --- [http-nio-8089-exec-1] o.a.c.c.C.[Tomcat].[localhost].[/]       : Initializing Spring DispatcherServlet 'dispatcherServlet'
2023-06-12 12:24:54.141  INFO 13644 --- [http-nio-8089-exec-1] o.s.web.servlet.DispatcherServlet        : Initializing Servlet 'dispatcherServlet'
2023-06-12 12:24:54.142  INFO 13644 --- [http-nio-8089-exec-1] o.s.web.servlet.DispatcherServlet        : Completed initialization in 1 ms
2023-06-12 12:27:39.048  INFO 13644 --- [File Watcher] rtingClassPathChangeChangedEventListener : Restarting due to 1 class path change (1 addition, 0 deletions, 0 modifications)
2023-06-12 12:27:39.057  INFO 13644 --- [Thread-11] o.apache.catalina.core.StandardService   : Stopping service [Tomcat]
2023-06-12 12:27:39.059  INFO 13644 --- [Thread-11] o.a.c.c.C.[Tomcat].[localhost].[/]       : Destroying Spring FrameworkServlet 'dispatcherServlet'
2023-06-12 12:27:39.063  INFO 13644 --- [Thread-11] j.LocalContainerEntityManagerFactoryBean : Closing JPA EntityManagerFactory for persistence unit 'default'
2023-06-12 12:27:39.063  INFO 13644 --- [Thread-11] com.zaxxer.hikari.HikariDataSource       : mydatabase - Shutdown initiated...
2023-06-12 12:27:39.072  INFO 13644 --- [Thread-11] com.zaxxer.hikari.HikariDataSource       : mydatabase - Shutdown completed.
2023-06-12 12:27:39.160  INFO 13644 --- [restartedMain] c.c.e.r.ReservationsApplication          : Starting ReservationsApplication using Java 17.0.6 on LAPTOP-LN0UJVO6 with PID 13644 (C:\Users\vishnu parimi\OneDrive\Desktop\IDP-EmployeeTravelDesk\Backend\Parimi Vishnuvaradhan Naidu\reservations\target\classes started by vishnu parimi in C:\Users\vishnu parimi\OneDrive\Desktop\IDP-EmployeeTravelDesk\Backend\Parimi Vishnuvaradhan Naidu\reservations)
2023-06-12 12:27:39.161  INFO 13644 --- [restartedMain] c.c.e.r.ReservationsApplication          : No active profile set, falling back to 1 default profile: "default"
2023-06-12 12:27:39.361  INFO 13644 --- [restartedMain] .s.d.r.c.RepositoryConfigurationDelegate : Bootstrapping Spring Data JPA repositories in DEFAULT mode.
2023-06-12 12:27:39.385  INFO 13644 --- [restartedMain] .s.d.r.c.RepositoryConfigurationDelegate : Finished Spring Data repository scanning in 23 ms. Found 3 JPA repository interfaces.
2023-06-12 12:27:39.455  INFO 13644 --- [restartedMain] o.s.b.w.embedded.tomcat.TomcatWebServer  : Tomcat initialized with port(s): 8089 (http)
2023-06-12 12:27:39.456  INFO 13644 --- [restartedMain] o.apache.catalina.core.StandardService   : Starting service [Tomcat]
2023-06-12 12:27:39.456  INFO 13644 --- [restartedMain] org.apache.catalina.core.StandardEngine  : Starting Servlet engine: [Apache Tomcat/9.0.75]
2023-06-12 12:27:39.476  INFO 13644 --- [restartedMain] o.a.c.c.C.[Tomcat].[localhost].[/]       : Initializing Spring embedded WebApplicationContext
2023-06-12 12:27:39.476  INFO 13644 --- [restartedMain] w.s.c.ServletWebServerApplicationContext : Root WebApplicationContext: initialization completed in 312 ms
2023-06-12 12:27:39.496  INFO 13644 --- [restartedMain] com.zaxxer.hikari.HikariDataSource       : mydatabase - Starting...
2023-06-12 12:27:39.513  INFO 13644 --- [restartedMain] com.zaxxer.hikari.HikariDataSource       : mydatabase - Start completed.
2023-06-12 12:27:39.518  INFO 13644 --- [restartedMain] o.hibernate.jpa.internal.util.LogHelper  : HHH000204: Processing PersistenceUnitInfo [name: default]
2023-06-12 12:27:39.522  INFO 13644 --- [restartedMain] org.hibernate.dialect.Dialect            : HHH000400: Using dialect: org.hibernate.dialect.MySQL5Dialect
2023-06-12 12:27:39.566  INFO 13644 --- [restartedMain] o.h.e.t.j.p.i.JtaPlatformInitiator       : HHH000490: Using JtaPlatform implementation: [org.hibernate.engine.transaction.jta.platform.internal.NoJtaPlatform]
2023-06-12 12:27:39.566  INFO 13644 --- [restartedMain] j.LocalContainerEntityManagerFactoryBean : Initialized JPA EntityManagerFactory for persistence unit 'default'
2023-06-12 12:27:39.666  WARN 13644 --- [restartedMain] JpaBaseConfiguration$JpaWebConfiguration : spring.jpa.open-in-view is enabled by default. Therefore, database queries may be performed during view rendering. Explicitly configure spring.jpa.open-in-view to disable this warning
2023-06-12 12:27:39.738  INFO 13644 --- [restartedMain] o.s.b.d.a.OptionalLiveReloadServer       : LiveReload server is running on port 35729
2023-06-12 12:27:39.748  INFO 13644 --- [restartedMain] o.s.b.w.embedded.tomcat.TomcatWebServer  : Tomcat started on port(s): 8089 (http) with context path ''
2023-06-12 12:27:39.751  INFO 13644 --- [restartedMain] c.c.e.r.ReservationsApplication          : Started ReservationsApplication in 0.62 seconds (JVM running for 369.582)
2023-06-12 12:27:39.752  INFO 13644 --- [restartedMain] .ConditionEvaluationDeltaLoggingListener : Condition evaluation unchanged
2023-06-12 12:28:51.023  INFO 13644 --- [File Watcher] rtingClassPathChangeChangedEventListener : Restarting due to 1 class path change (0 additions, 0 deletions, 1 modification)
2023-06-12 12:28:51.033  INFO 13644 --- [Thread-15] o.apache.catalina.core.StandardService   : Stopping service [Tomcat]
2023-06-12 12:28:51.037  INFO 13644 --- [Thread-15] j.LocalContainerEntityManagerFactoryBean : Closing JPA EntityManagerFactory for persistence unit 'default'
2023-06-12 12:28:51.038  INFO 13644 --- [Thread-15] com.zaxxer.hikari.HikariDataSource       : mydatabase - Shutdown initiated...
2023-06-12 12:28:51.046  INFO 13644 --- [Thread-15] com.zaxxer.hikari.HikariDataSource       : mydatabase - Shutdown completed.
2023-06-12 12:28:51.120  INFO 13644 --- [restartedMain] c.c.e.r.ReservationsApplication          : Starting ReservationsApplication using Java 17.0.6 on LAPTOP-LN0UJVO6 with PID 13644 (C:\Users\vishnu parimi\OneDrive\Desktop\IDP-EmployeeTravelDesk\Backend\Parimi Vishnuvaradhan Naidu\reservations\target\classes started by vishnu parimi in C:\Users\vishnu parimi\OneDrive\Desktop\IDP-EmployeeTravelDesk\Backend\Parimi Vishnuvaradhan Naidu\reservations)
2023-06-12 12:28:51.122  INFO 13644 --- [restartedMain] c.c.e.r.ReservationsApplication          : No active profile set, falling back to 1 default profile: "default"
2023-06-12 12:28:51.315  INFO 13644 --- [restartedMain] .s.d.r.c.RepositoryConfigurationDelegate : Bootstrapping Spring Data JPA repositories in DEFAULT mode.
2023-06-12 12:28:51.337  INFO 13644 --- [restartedMain] .s.d.r.c.RepositoryConfigurationDelegate : Finished Spring Data repository scanning in 21 ms. Found 3 JPA repository interfaces.
2023-06-12 12:28:51.398  INFO 13644 --- [restartedMain] o.s.b.w.embedded.tomcat.TomcatWebServer  : Tomcat initialized with port(s): 8089 (http)
2023-06-12 12:28:51.399  INFO 13644 --- [restartedMain] o.apache.catalina.core.StandardService   : Starting service [Tomcat]
2023-06-12 12:28:51.399  INFO 13644 --- [restartedMain] org.apache.catalina.core.StandardEngine  : Starting Servlet engine: [Apache Tomcat/9.0.75]
2023-06-12 12:28:51.419  INFO 13644 --- [restartedMain] o.a.c.c.C.[Tomcat].[localhost].[/]       : Initializing Spring embedded WebApplicationContext
2023-06-12 12:28:51.419  INFO 13644 --- [restartedMain] w.s.c.ServletWebServerApplicationContext : Root WebApplicationContext: initialization completed in 295 ms
2023-06-12 12:28:51.438  INFO 13644 --- [restartedMain] com.zaxxer.hikari.HikariDataSource       : mydatabase - Starting...
2023-06-12 12:28:51.453  INFO 13644 --- [restartedMain] com.zaxxer.hikari.HikariDataSource       : mydatabase - Start completed.
2023-06-12 12:28:51.460  INFO 13644 --- [restartedMain] o.hibernate.jpa.internal.util.LogHelper  : HHH000204: Processing PersistenceUnitInfo [name: default]
2023-06-12 12:28:51.465  INFO 13644 --- [restartedMain] org.hibernate.dialect.Dialect            : HHH000400: Using dialect: org.hibernate.dialect.MySQL5Dialect
2023-06-12 12:28:51.502  INFO 13644 --- [restartedMain] o.h.e.t.j.p.i.JtaPlatformInitiator       : HHH000490: Using JtaPlatform implementation: [org.hibernate.engine.transaction.jta.platform.internal.NoJtaPlatform]
2023-06-12 12:28:51.502  INFO 13644 --- [restartedMain] j.LocalContainerEntityManagerFactoryBean : Initialized JPA EntityManagerFactory for persistence unit 'default'
2023-06-12 12:28:51.598  WARN 13644 --- [restartedMain] JpaBaseConfiguration$JpaWebConfiguration : spring.jpa.open-in-view is enabled by default. Therefore, database queries may be performed during view rendering. Explicitly configure spring.jpa.open-in-view to disable this warning
2023-06-12 12:28:51.659  INFO 13644 --- [restartedMain] o.s.b.d.a.OptionalLiveReloadServer       : LiveReload server is running on port 35729
2023-06-12 12:28:51.666  INFO 13644 --- [restartedMain] o.s.b.w.embedded.tomcat.TomcatWebServer  : Tomcat started on port(s): 8089 (http) with context path ''
2023-06-12 12:28:51.669  INFO 13644 --- [restartedMain] c.c.e.r.ReservationsApplication          : Started ReservationsApplication in 0.574 seconds (JVM running for 441.499)
2023-06-12 12:28:51.670  INFO 13644 --- [restartedMain] .ConditionEvaluationDeltaLoggingListener : Condition evaluation unchanged
2023-06-12 12:28:57.040  INFO 13644 --- [http-nio-8089-exec-1] o.a.c.c.C.[Tomcat].[localhost].[/]       : Initializing Spring DispatcherServlet 'dispatcherServlet'
2023-06-12 12:28:57.041  INFO 13644 --- [http-nio-8089-exec-1] o.s.web.servlet.DispatcherServlet        : Initializing Servlet 'dispatcherServlet'
2023-06-12 12:28:57.043  INFO 13644 --- [http-nio-8089-exec-1] o.s.web.servlet.DispatcherServlet        : Completed initialization in 2 ms
2023-06-12 12:32:01.178 ERROR 13644 --- [http-nio-8089-exec-7] c.c.e.r.e.GlobalExceptionHandler         : uri=/api/reservations/add
2023-06-12 12:32:01.190  WARN 13644 --- [http-nio-8089-exec-7] .m.m.a.ExceptionHandlerExceptionResolver : Resolved [com.cognizant.employeetraveldesk.reservations.exception.DuplicateResourceException: Data already found for id 17. So try with new ID.]
2023-06-12 12:32:18.742 ERROR 13644 --- [http-nio-8089-exec-9] c.c.e.r.e.GlobalExceptionHandler         : uri=/api/reservations/add
2023-06-12 12:32:18.746  WARN 13644 --- [http-nio-8089-exec-9] .m.m.a.ExceptionHandlerExceptionResolver : Resolved [java.lang.NullPointerException: Cannot invoke "com.cognizant.employeetraveldesk.reservations.model.ReservationTypesDTO.getTypeName()" because the return value of "com.cognizant.employeetraveldesk.reservations.model.ReservationsDTO.getReservationTypes()" is null]
2023-06-12 12:48:24.037 ERROR 13644 --- [http-nio-8089-exec-10] c.c.e.r.e.GlobalExceptionHandler         : uri=/api/reservations/add
2023-06-12 12:48:24.042  WARN 13644 --- [http-nio-8089-exec-10] .m.m.a.ExceptionHandlerExceptionResolver : Resolved [java.lang.NullPointerException: Cannot invoke "com.cognizant.employeetraveldesk.reservations.model.ReservationTypesDTO.getTypeName()" because the return value of "com.cognizant.employeetraveldesk.reservations.model.ReservationsDTO.getReservationTypes()" is null]
2023-06-12 12:59:33.840 ERROR 13644 --- [http-nio-8089-exec-1] c.c.e.r.e.GlobalExceptionHandler         : uri=/api/reservations/add
2023-06-12 12:59:33.844  WARN 13644 --- [http-nio-8089-exec-1] .m.m.a.ExceptionHandlerExceptionResolver : Resolved [java.lang.NullPointerException: Cannot invoke "com.cognizant.employeetraveldesk.reservations.model.ReservationTypesDTO.getTypeName()" because the return value of "com.cognizant.employeetraveldesk.reservations.model.ReservationsDTO.getReservationTypes()" is null]
2023-06-12 13:01:42.150 ERROR 13644 --- [http-nio-8089-exec-2] c.c.e.r.e.GlobalExceptionHandler         : uri=/api/reservations/add
2023-06-12 13:01:42.162  WARN 13644 --- [http-nio-8089-exec-2] .m.m.a.ExceptionHandlerExceptionResolver : Resolved [org.springframework.http.converter.HttpMessageNotReadableException: JSON parse error: Cannot construct instance of `com.cognizant.employeetraveldesk.reservations.model.ReservationTypesDTO` (although at least one Creator exists): no String-argument constructor/factory method to deserialize from String value ('{1:'Flight/Bus/Train'}'); nested exception is com.fasterxml.jackson.databind.exc.MismatchedInputException: Cannot construct instance of `com.cognizant.employeetraveldesk.reservations.model.ReservationTypesDTO` (although at least one Creator exists): no String-argument constructor/factory method to deserialize from String value ('{1:'Flight/Bus/Train'}')<EOL> at [Source: (org.springframework.util.StreamUtils$NonClosingInputStream); line: 1, column: 232] (through reference chain: com.cognizant.employeetraveldesk.reservations.model.ReservationsDTO["reservationTypes"])]
2023-06-12 13:41:37.110 ERROR 13644 --- [http-nio-8089-exec-3] c.c.e.r.e.GlobalExceptionHandler         : uri=/api/reservations/add
2023-06-12 13:41:37.124  WARN 13644 --- [http-nio-8089-exec-3] .m.m.a.ExceptionHandlerExceptionResolver : Resolved [org.springframework.http.converter.HttpMessageNotReadableException: JSON parse error: Cannot construct instance of `com.cognizant.employeetraveldesk.reservations.model.ReservationTypesDTO` (although at least one Creator exists): no String-argument constructor/factory method to deserialize from String value ('{2:'Hotel'}'); nested exception is com.fasterxml.jackson.databind.exc.MismatchedInputException: Cannot construct instance of `com.cognizant.employeetraveldesk.reservations.model.ReservationTypesDTO` (although at least one Creator exists): no String-argument constructor/factory method to deserialize from String value ('{2:'Hotel'}')<EOL> at [Source: (org.springframework.util.StreamUtils$NonClosingInputStream); line: 1, column: 228] (through reference chain: com.cognizant.employeetraveldesk.reservations.model.ReservationsDTO["reservationTypes"])]
