2023-06-05 08:55:45.613  INFO 5508 --- [main] c.c.e.r.ReservationsApplicationTests     : Starting ReservationsApplicationTests using Java 1.8.0_202 on DESKTOP-M2VPVFJ with PID 5508 (started by HP in C:\Users\HP\Desktop\IDP-EMPLOYEE-TRAVEL-DESK\Backend\Mukund\reservations)
2023-06-05 08:55:45.623  INFO 5508 --- [main] c.c.e.r.ReservationsApplicationTests     : No active profile set, falling back to 1 default profile: "default"
2023-06-05 08:55:47.467  INFO 5508 --- [main] .s.d.r.c.RepositoryConfigurationDelegate : Bootstrapping Spring Data JPA repositories in DEFAULT mode.
2023-06-05 08:55:47.635  INFO 5508 --- [main] .s.d.r.c.RepositoryConfigurationDelegate : Finished Spring Data repository scanning in 147 ms. Found 3 JPA repository interfaces.
2023-06-05 08:55:48.769  INFO 5508 --- [main] com.zaxxer.hikari.HikariDataSource       : mydatabase - Starting...
2023-06-05 08:55:49.801  INFO 5508 --- [main] com.zaxxer.hikari.HikariDataSource       : mydatabase - Start completed.
2023-06-05 08:55:49.898  INFO 5508 --- [main] o.hibernate.jpa.internal.util.LogHelper  : HHH000204: Processing PersistenceUnitInfo [name: default]
2023-06-05 08:55:50.058  INFO 5508 --- [main] org.hibernate.Version                    : HHH000412: Hibernate ORM core version 5.6.15.Final
2023-06-05 08:55:50.501  INFO 5508 --- [main] o.hibernate.annotations.common.Version   : HCANN000001: Hibernate Commons Annotations {5.1.2.Final}
2023-06-05 08:55:50.782  INFO 5508 --- [main] org.hibernate.dialect.Dialect            : HHH000400: Using dialect: org.hibernate.dialect.MySQL5Dialect
2023-06-05 08:55:52.031  INFO 5508 --- [main] o.h.e.t.j.p.i.JtaPlatformInitiator       : HHH000490: Using JtaPlatform implementation: [org.hibernate.engine.transaction.jta.platform.internal.NoJtaPlatform]
2023-06-05 08:55:52.054  INFO 5508 --- [main] j.LocalContainerEntityManagerFactoryBean : Initialized JPA EntityManagerFactory for persistence unit 'default'
2023-06-05 08:55:53.532  WARN 5508 --- [main] JpaBaseConfiguration$JpaWebConfiguration : spring.jpa.open-in-view is enabled by default. Therefore, database queries may be performed during view rendering. Explicitly configure spring.jpa.open-in-view to disable this warning
2023-06-05 08:55:54.618  INFO 5508 --- [main] c.c.e.r.ReservationsApplicationTests     : Started ReservationsApplicationTests in 9.601 seconds (JVM running for 12.169)
2023-06-05 08:55:55.021  INFO 5508 --- [SpringApplicationShutdownHook] j.LocalContainerEntityManagerFactoryBean : Closing JPA EntityManagerFactory for persistence unit 'default'
2023-06-05 08:55:55.025  INFO 5508 --- [SpringApplicationShutdownHook] com.zaxxer.hikari.HikariDataSource       : mydatabase - Shutdown initiated...
2023-06-05 08:55:55.056  INFO 5508 --- [SpringApplicationShutdownHook] com.zaxxer.hikari.HikariDataSource       : mydatabase - Shutdown completed.
2023-06-05 08:56:19.489  INFO 19760 --- [restartedMain] c.c.e.r.ReservationsApplication          : Starting ReservationsApplication using Java 1.8.0_202 on DESKTOP-M2VPVFJ with PID 19760 (C:\Users\HP\Desktop\IDP-EMPLOYEE-TRAVEL-DESK\Backend\Mukund\reservations\target\classes started by HP in C:\Users\HP\Desktop\IDP-EMPLOYEE-TRAVEL-DESK\Backend\Mukund\reservations)
2023-06-05 08:56:19.494  INFO 19760 --- [restartedMain] c.c.e.r.ReservationsApplication          : No active profile set, falling back to 1 default profile: "default"
2023-06-05 08:56:19.596  INFO 19760 --- [restartedMain] .e.DevToolsPropertyDefaultsPostProcessor : Devtools property defaults active! Set 'spring.devtools.add-properties' to 'false' to disable
2023-06-05 08:56:19.596  INFO 19760 --- [restartedMain] .e.DevToolsPropertyDefaultsPostProcessor : For additional web related logging consider setting the 'logging.level.web' property to 'DEBUG'
2023-06-05 08:56:20.652  INFO 19760 --- [restartedMain] .s.d.r.c.RepositoryConfigurationDelegate : Bootstrapping Spring Data JPA repositories in DEFAULT mode.
2023-06-05 08:56:20.757  INFO 19760 --- [restartedMain] .s.d.r.c.RepositoryConfigurationDelegate : Finished Spring Data repository scanning in 88 ms. Found 3 JPA repository interfaces.
2023-06-05 08:56:21.777  INFO 19760 --- [restartedMain] o.s.b.w.embedded.tomcat.TomcatWebServer  : Tomcat initialized with port(s): 8084 (http)
2023-06-05 08:56:21.871  INFO 19760 --- [restartedMain] o.apache.catalina.core.StandardService   : Starting service [Tomcat]
2023-06-05 08:56:21.872  INFO 19760 --- [restartedMain] org.apache.catalina.core.StandardEngine  : Starting Servlet engine: [Apache Tomcat/9.0.75]
2023-06-05 08:56:22.000  INFO 19760 --- [restartedMain] o.a.c.c.C.[Tomcat].[localhost].[/]       : Initializing Spring embedded WebApplicationContext
2023-06-05 08:56:22.000  INFO 19760 --- [restartedMain] w.s.c.ServletWebServerApplicationContext : Root WebApplicationContext: initialization completed in 2402 ms
2023-06-05 08:56:22.185  INFO 19760 --- [restartedMain] com.zaxxer.hikari.HikariDataSource       : mydatabase - Starting...
2023-06-05 08:56:22.944  INFO 19760 --- [restartedMain] com.zaxxer.hikari.HikariDataSource       : mydatabase - Start completed.
2023-06-05 08:56:23.034  INFO 19760 --- [restartedMain] o.hibernate.jpa.internal.util.LogHelper  : HHH000204: Processing PersistenceUnitInfo [name: default]
2023-06-05 08:56:23.137  INFO 19760 --- [restartedMain] org.hibernate.Version                    : HHH000412: Hibernate ORM core version 5.6.15.Final
2023-06-05 08:56:23.443  INFO 19760 --- [restartedMain] o.hibernate.annotations.common.Version   : HCANN000001: Hibernate Commons Annotations {5.1.2.Final}
2023-06-05 08:56:23.650  INFO 19760 --- [restartedMain] org.hibernate.dialect.Dialect            : HHH000400: Using dialect: org.hibernate.dialect.MySQL5Dialect
2023-06-05 08:56:24.640  INFO 19760 --- [restartedMain] o.h.e.t.j.p.i.JtaPlatformInitiator       : HHH000490: Using JtaPlatform implementation: [org.hibernate.engine.transaction.jta.platform.internal.NoJtaPlatform]
2023-06-05 08:56:24.659  INFO 19760 --- [restartedMain] j.LocalContainerEntityManagerFactoryBean : Initialized JPA EntityManagerFactory for persistence unit 'default'
2023-06-05 08:56:25.729  WARN 19760 --- [restartedMain] JpaBaseConfiguration$JpaWebConfiguration : spring.jpa.open-in-view is enabled by default. Therefore, database queries may be performed during view rendering. Explicitly configure spring.jpa.open-in-view to disable this warning
2023-06-05 08:56:26.172  INFO 19760 --- [restartedMain] o.s.b.d.a.OptionalLiveReloadServer       : LiveReload server is running on port 35729
2023-06-05 08:56:26.219  INFO 19760 --- [restartedMain] o.s.b.w.embedded.tomcat.TomcatWebServer  : Tomcat started on port(s): 8084 (http) with context path ''
2023-06-05 08:56:26.232  INFO 19760 --- [restartedMain] c.c.e.r.ReservationsApplication          : Started ReservationsApplication in 7.631 seconds (JVM running for 8.702)
2023-06-05 08:57:13.108  INFO 19760 --- [http-nio-8084-exec-2] o.a.c.c.C.[Tomcat].[localhost].[/]       : Initializing Spring DispatcherServlet 'dispatcherServlet'
2023-06-05 08:57:13.110  INFO 19760 --- [http-nio-8084-exec-2] o.s.web.servlet.DispatcherServlet        : Initializing Servlet 'dispatcherServlet'
2023-06-05 08:57:13.112  INFO 19760 --- [http-nio-8084-exec-2] o.s.web.servlet.DispatcherServlet        : Completed initialization in 2 ms
2023-06-05 08:58:06.036 ERROR 19760 --- [http-nio-8084-exec-4] c.c.e.r.e.GlobalExceptionHandler         : uri=/api/reservations/add
2023-06-05 08:58:06.043  WARN 19760 --- [http-nio-8084-exec-4] .m.m.a.ExceptionHandlerExceptionResolver : Resolved [org.springframework.http.converter.HttpMessageNotReadableException: JSON parse error: Cannot deserialize value of type `java.time.LocalDate` from String "26-05-2001": Failed to deserialize java.time.LocalDate: (java.time.format.DateTimeParseException) Text '26-05-2001' could not be parsed at index 0; nested exception is com.fasterxml.jackson.databind.exc.InvalidFormatException: Cannot deserialize value of type `java.time.LocalDate` from String "26-05-2001": Failed to deserialize java.time.LocalDate: (java.time.format.DateTimeParseException) Text '26-05-2001' could not be parsed at index 0<EOL> at [Source: (org.springframework.util.StreamUtils$NonClosingInputStream); line: 9, column: 18] (through reference chain: com.cognizant.employeetraveldesk.reservations.model.ReservationsDTO["createdOn"])]
2023-06-05 08:59:00.265  INFO 19760 --- [File Watcher] rtingClassPathChangeChangedEventListener : Restarting due to 1 class path change (0 additions, 0 deletions, 1 modification)
2023-06-05 08:59:00.577  INFO 19760 --- [Thread-7] o.apache.catalina.core.StandardService   : Stopping service [Tomcat]
2023-06-05 08:59:00.579  INFO 19760 --- [Thread-7] o.a.c.c.C.[Tomcat].[localhost].[/]       : Destroying Spring FrameworkServlet 'dispatcherServlet'
2023-06-05 08:59:00.591  INFO 19760 --- [Thread-7] j.LocalContainerEntityManagerFactoryBean : Closing JPA EntityManagerFactory for persistence unit 'default'
2023-06-05 08:59:00.596  INFO 19760 --- [Thread-7] com.zaxxer.hikari.HikariDataSource       : mydatabase - Shutdown initiated...
2023-06-05 08:59:00.604  INFO 19760 --- [Thread-7] com.zaxxer.hikari.HikariDataSource       : mydatabase - Shutdown completed.
2023-06-05 08:59:00.855  INFO 19760 --- [restartedMain] c.c.e.r.ReservationsApplication          : Starting ReservationsApplication using Java 1.8.0_202 on DESKTOP-M2VPVFJ with PID 19760 (C:\Users\HP\Desktop\IDP-EMPLOYEE-TRAVEL-DESK\Backend\Mukund\reservations\target\classes started by HP in C:\Users\HP\Desktop\IDP-EMPLOYEE-TRAVEL-DESK\Backend\Mukund\reservations)
2023-06-05 08:59:00.855  INFO 19760 --- [restartedMain] c.c.e.r.ReservationsApplication          : No active profile set, falling back to 1 default profile: "default"
2023-06-05 08:59:01.257  INFO 19760 --- [restartedMain] .s.d.r.c.RepositoryConfigurationDelegate : Bootstrapping Spring Data JPA repositories in DEFAULT mode.
2023-06-05 08:59:01.297  INFO 19760 --- [restartedMain] .s.d.r.c.RepositoryConfigurationDelegate : Finished Spring Data repository scanning in 40 ms. Found 3 JPA repository interfaces.
2023-06-05 08:59:01.524  INFO 19760 --- [restartedMain] o.s.b.w.embedded.tomcat.TomcatWebServer  : Tomcat initialized with port(s): 8084 (http)
2023-06-05 08:59:01.526  INFO 19760 --- [restartedMain] o.apache.catalina.core.StandardService   : Starting service [Tomcat]
2023-06-05 08:59:01.526  INFO 19760 --- [restartedMain] org.apache.catalina.core.StandardEngine  : Starting Servlet engine: [Apache Tomcat/9.0.75]
2023-06-05 08:59:01.554  INFO 19760 --- [restartedMain] o.a.c.c.C.[Tomcat].[localhost].[/]       : Initializing Spring embedded WebApplicationContext
2023-06-05 08:59:01.554  INFO 19760 --- [restartedMain] w.s.c.ServletWebServerApplicationContext : Root WebApplicationContext: initialization completed in 695 ms
2023-06-05 08:59:01.653  INFO 19760 --- [restartedMain] com.zaxxer.hikari.HikariDataSource       : mydatabase - Starting...
2023-06-05 08:59:01.674  INFO 19760 --- [restartedMain] com.zaxxer.hikari.HikariDataSource       : mydatabase - Start completed.
2023-06-05 08:59:01.684  INFO 19760 --- [restartedMain] o.hibernate.jpa.internal.util.LogHelper  : HHH000204: Processing PersistenceUnitInfo [name: default]
2023-06-05 08:59:01.693  INFO 19760 --- [restartedMain] org.hibernate.dialect.Dialect            : HHH000400: Using dialect: org.hibernate.dialect.MySQL5Dialect
2023-06-05 08:59:01.778  INFO 19760 --- [restartedMain] o.h.e.t.j.p.i.JtaPlatformInitiator       : HHH000490: Using JtaPlatform implementation: [org.hibernate.engine.transaction.jta.platform.internal.NoJtaPlatform]
2023-06-05 08:59:01.779  INFO 19760 --- [restartedMain] j.LocalContainerEntityManagerFactoryBean : Initialized JPA EntityManagerFactory for persistence unit 'default'
2023-06-05 08:59:02.050  WARN 19760 --- [restartedMain] JpaBaseConfiguration$JpaWebConfiguration : spring.jpa.open-in-view is enabled by default. Therefore, database queries may be performed during view rendering. Explicitly configure spring.jpa.open-in-view to disable this warning
2023-06-05 08:59:02.227  INFO 19760 --- [restartedMain] o.s.b.d.a.OptionalLiveReloadServer       : LiveReload server is running on port 35729
2023-06-05 08:59:02.247  INFO 19760 --- [restartedMain] o.s.b.w.embedded.tomcat.TomcatWebServer  : Tomcat started on port(s): 8084 (http) with context path ''
2023-06-05 08:59:02.255  INFO 19760 --- [restartedMain] c.c.e.r.ReservationsApplication          : Started ReservationsApplication in 1.445 seconds (JVM running for 164.724)
2023-06-05 08:59:02.258  INFO 19760 --- [restartedMain] .ConditionEvaluationDeltaLoggingListener : Condition evaluation unchanged
2023-06-05 08:59:06.185  INFO 19760 --- [http-nio-8084-exec-1] o.a.c.c.C.[Tomcat].[localhost].[/]       : Initializing Spring DispatcherServlet 'dispatcherServlet'
2023-06-05 08:59:06.186  INFO 19760 --- [http-nio-8084-exec-1] o.s.web.servlet.DispatcherServlet        : Initializing Servlet 'dispatcherServlet'
2023-06-05 08:59:06.192  INFO 19760 --- [http-nio-8084-exec-1] o.s.web.servlet.DispatcherServlet        : Completed initialization in 5 ms
2023-06-05 08:59:06.214 ERROR 19760 --- [http-nio-8084-exec-1] c.c.e.r.e.GlobalExceptionHandler         : uri=/api/reservations/add
2023-06-05 08:59:06.229  WARN 19760 --- [http-nio-8084-exec-1] .m.m.a.ExceptionHandlerExceptionResolver : Resolved [org.springframework.http.converter.HttpMessageNotReadableException: JSON parse error: Cannot deserialize value of type `java.time.LocalDate` from String "26-05-2001": Failed to deserialize java.time.LocalDate: (java.time.format.DateTimeParseException) Text '26-05-2001' could not be parsed at index 0; nested exception is com.fasterxml.jackson.databind.exc.InvalidFormatException: Cannot deserialize value of type `java.time.LocalDate` from String "26-05-2001": Failed to deserialize java.time.LocalDate: (java.time.format.DateTimeParseException) Text '26-05-2001' could not be parsed at index 0<EOL> at [Source: (org.springframework.util.StreamUtils$NonClosingInputStream); line: 9, column: 18] (through reference chain: com.cognizant.employeetraveldesk.reservations.model.ReservationsDTO["createdOn"])]
2023-06-05 09:01:03.993  INFO 19760 --- [File Watcher] rtingClassPathChangeChangedEventListener : Restarting due to 6 class path changes (0 additions, 0 deletions, 6 modifications)
2023-06-05 09:01:04.212  INFO 19760 --- [Thread-9] o.apache.catalina.core.StandardService   : Stopping service [Tomcat]
2023-06-05 09:01:04.214  INFO 19760 --- [Thread-9] o.a.c.c.C.[Tomcat].[localhost].[/]       : Destroying Spring FrameworkServlet 'dispatcherServlet'
2023-06-05 09:01:04.235  INFO 19760 --- [Thread-9] j.LocalContainerEntityManagerFactoryBean : Closing JPA EntityManagerFactory for persistence unit 'default'
2023-06-05 09:01:04.236  INFO 19760 --- [Thread-9] com.zaxxer.hikari.HikariDataSource       : mydatabase - Shutdown initiated...
2023-06-05 09:01:04.245  INFO 19760 --- [Thread-9] com.zaxxer.hikari.HikariDataSource       : mydatabase - Shutdown completed.
2023-06-05 09:01:04.490  INFO 19760 --- [restartedMain] c.c.e.r.ReservationsApplication          : Starting ReservationsApplication using Java 1.8.0_202 on DESKTOP-M2VPVFJ with PID 19760 (C:\Users\HP\Desktop\IDP-EMPLOYEE-TRAVEL-DESK\Backend\Mukund\reservations\target\classes started by HP in C:\Users\HP\Desktop\IDP-EMPLOYEE-TRAVEL-DESK\Backend\Mukund\reservations)
2023-06-05 09:01:04.490  INFO 19760 --- [restartedMain] c.c.e.r.ReservationsApplication          : No active profile set, falling back to 1 default profile: "default"
2023-06-05 09:01:04.732  INFO 19760 --- [restartedMain] .s.d.r.c.RepositoryConfigurationDelegate : Bootstrapping Spring Data JPA repositories in DEFAULT mode.
2023-06-05 09:01:04.763  INFO 19760 --- [restartedMain] .s.d.r.c.RepositoryConfigurationDelegate : Finished Spring Data repository scanning in 30 ms. Found 3 JPA repository interfaces.
2023-06-05 09:01:04.961  INFO 19760 --- [restartedMain] o.s.b.w.embedded.tomcat.TomcatWebServer  : Tomcat initialized with port(s): 8084 (http)
2023-06-05 09:01:04.967  INFO 19760 --- [restartedMain] o.apache.catalina.core.StandardService   : Starting service [Tomcat]
2023-06-05 09:01:04.968  INFO 19760 --- [restartedMain] org.apache.catalina.core.StandardEngine  : Starting Servlet engine: [Apache Tomcat/9.0.75]
2023-06-05 09:01:04.996  INFO 19760 --- [restartedMain] o.a.c.c.C.[Tomcat].[localhost].[/]       : Initializing Spring embedded WebApplicationContext
2023-06-05 09:01:04.997  INFO 19760 --- [restartedMain] w.s.c.ServletWebServerApplicationContext : Root WebApplicationContext: initialization completed in 504 ms
2023-06-05 09:01:05.043  INFO 19760 --- [restartedMain] com.zaxxer.hikari.HikariDataSource       : mydatabase - Starting...
2023-06-05 09:01:05.060  INFO 19760 --- [restartedMain] com.zaxxer.hikari.HikariDataSource       : mydatabase - Start completed.
2023-06-05 09:01:05.070  INFO 19760 --- [restartedMain] o.hibernate.jpa.internal.util.LogHelper  : HHH000204: Processing PersistenceUnitInfo [name: default]
2023-06-05 09:01:05.076  INFO 19760 --- [restartedMain] org.hibernate.dialect.Dialect            : HHH000400: Using dialect: org.hibernate.dialect.MySQL5Dialect
2023-06-05 09:01:05.143  INFO 19760 --- [restartedMain] o.h.e.t.j.p.i.JtaPlatformInitiator       : HHH000490: Using JtaPlatform implementation: [org.hibernate.engine.transaction.jta.platform.internal.NoJtaPlatform]
2023-06-05 09:01:05.143  INFO 19760 --- [restartedMain] j.LocalContainerEntityManagerFactoryBean : Initialized JPA EntityManagerFactory for persistence unit 'default'
2023-06-05 09:01:05.349  WARN 19760 --- [restartedMain] JpaBaseConfiguration$JpaWebConfiguration : spring.jpa.open-in-view is enabled by default. Therefore, database queries may be performed during view rendering. Explicitly configure spring.jpa.open-in-view to disable this warning
2023-06-05 09:01:05.475  INFO 19760 --- [restartedMain] o.s.b.d.a.OptionalLiveReloadServer       : LiveReload server is running on port 35729
2023-06-05 09:01:05.489  INFO 19760 --- [restartedMain] o.s.b.w.embedded.tomcat.TomcatWebServer  : Tomcat started on port(s): 8084 (http) with context path ''
2023-06-05 09:01:05.495  INFO 19760 --- [restartedMain] c.c.e.r.ReservationsApplication          : Started ReservationsApplication in 1.046 seconds (JVM running for 287.964)
2023-06-05 09:01:05.497  INFO 19760 --- [restartedMain] .ConditionEvaluationDeltaLoggingListener : Condition evaluation unchanged
2023-06-05 09:01:14.144  INFO 19760 --- [http-nio-8084-exec-1] o.a.c.c.C.[Tomcat].[localhost].[/]       : Initializing Spring DispatcherServlet 'dispatcherServlet'
2023-06-05 09:01:14.145  INFO 19760 --- [http-nio-8084-exec-1] o.s.web.servlet.DispatcherServlet        : Initializing Servlet 'dispatcherServlet'
2023-06-05 09:01:14.146  INFO 19760 --- [http-nio-8084-exec-1] o.s.web.servlet.DispatcherServlet        : Completed initialization in 1 ms
2023-06-05 09:01:14.157 ERROR 19760 --- [http-nio-8084-exec-1] c.c.e.r.e.GlobalExceptionHandler         : uri=/api/reservations/add
2023-06-05 09:01:14.163  WARN 19760 --- [http-nio-8084-exec-1] .m.m.a.ExceptionHandlerExceptionResolver : Resolved [org.springframework.http.converter.HttpMessageNotReadableException: JSON parse error: Cannot deserialize value of type `java.time.LocalDate` from String "26-05-2001": Failed to deserialize java.time.LocalDate: (java.time.format.DateTimeParseException) Text '26-05-2001' could not be parsed at index 0; nested exception is com.fasterxml.jackson.databind.exc.InvalidFormatException: Cannot deserialize value of type `java.time.LocalDate` from String "26-05-2001": Failed to deserialize java.time.LocalDate: (java.time.format.DateTimeParseException) Text '26-05-2001' could not be parsed at index 0<EOL> at [Source: (org.springframework.util.StreamUtils$NonClosingInputStream); line: 9, column: 18] (through reference chain: com.cognizant.employeetraveldesk.reservations.model.ReservationsDTO["createdOn"])]
2023-06-05 09:07:47.322  INFO 19760 --- [File Watcher] rtingClassPathChangeChangedEventListener : Restarting due to 1 class path change (0 additions, 0 deletions, 1 modification)
2023-06-05 09:07:47.577  INFO 19760 --- [Thread-13] o.apache.catalina.core.StandardService   : Stopping service [Tomcat]
2023-06-05 09:07:47.581  INFO 19760 --- [Thread-13] o.a.c.c.C.[Tomcat].[localhost].[/]       : Destroying Spring FrameworkServlet 'dispatcherServlet'
2023-06-05 09:07:47.594  INFO 19760 --- [Thread-13] j.LocalContainerEntityManagerFactoryBean : Closing JPA EntityManagerFactory for persistence unit 'default'
2023-06-05 09:07:47.595  INFO 19760 --- [Thread-13] com.zaxxer.hikari.HikariDataSource       : mydatabase - Shutdown initiated...
2023-06-05 09:07:47.610  INFO 19760 --- [Thread-13] com.zaxxer.hikari.HikariDataSource       : mydatabase - Shutdown completed.
2023-06-05 09:07:47.947  INFO 19760 --- [restartedMain] c.c.e.r.ReservationsApplication          : Starting ReservationsApplication using Java 1.8.0_202 on DESKTOP-M2VPVFJ with PID 19760 (C:\Users\HP\Desktop\IDP-EMPLOYEE-TRAVEL-DESK\Backend\Mukund\reservations\target\classes started by HP in C:\Users\HP\Desktop\IDP-EMPLOYEE-TRAVEL-DESK\Backend\Mukund\reservations)
2023-06-05 09:07:47.948  INFO 19760 --- [restartedMain] c.c.e.r.ReservationsApplication          : No active profile set, falling back to 1 default profile: "default"
2023-06-05 09:07:48.300  INFO 19760 --- [restartedMain] .s.d.r.c.RepositoryConfigurationDelegate : Bootstrapping Spring Data JPA repositories in DEFAULT mode.
2023-06-05 09:07:48.339  INFO 19760 --- [restartedMain] .s.d.r.c.RepositoryConfigurationDelegate : Finished Spring Data repository scanning in 38 ms. Found 3 JPA repository interfaces.
2023-06-05 09:07:48.580  INFO 19760 --- [restartedMain] o.s.b.w.embedded.tomcat.TomcatWebServer  : Tomcat initialized with port(s): 8084 (http)
2023-06-05 09:07:48.581  INFO 19760 --- [restartedMain] o.apache.catalina.core.StandardService   : Starting service [Tomcat]
2023-06-05 09:07:48.582  INFO 19760 --- [restartedMain] org.apache.catalina.core.StandardEngine  : Starting Servlet engine: [Apache Tomcat/9.0.75]
2023-06-05 09:07:48.614  INFO 19760 --- [restartedMain] o.a.c.c.C.[Tomcat].[localhost].[/]       : Initializing Spring embedded WebApplicationContext
2023-06-05 09:07:48.614  INFO 19760 --- [restartedMain] w.s.c.ServletWebServerApplicationContext : Root WebApplicationContext: initialization completed in 661 ms
2023-06-05 09:07:48.712  INFO 19760 --- [restartedMain] com.zaxxer.hikari.HikariDataSource       : mydatabase - Starting...
2023-06-05 09:07:48.751  INFO 19760 --- [restartedMain] com.zaxxer.hikari.HikariDataSource       : mydatabase - Start completed.
2023-06-05 09:07:48.764  INFO 19760 --- [restartedMain] o.hibernate.jpa.internal.util.LogHelper  : HHH000204: Processing PersistenceUnitInfo [name: default]
2023-06-05 09:07:48.775  INFO 19760 --- [restartedMain] org.hibernate.dialect.Dialect            : HHH000400: Using dialect: org.hibernate.dialect.MySQL5Dialect
2023-06-05 09:07:48.867  INFO 19760 --- [restartedMain] o.h.e.t.j.p.i.JtaPlatformInitiator       : HHH000490: Using JtaPlatform implementation: [org.hibernate.engine.transaction.jta.platform.internal.NoJtaPlatform]
2023-06-05 09:07:48.870  INFO 19760 --- [restartedMain] j.LocalContainerEntityManagerFactoryBean : Initialized JPA EntityManagerFactory for persistence unit 'default'
2023-06-05 09:07:49.221  WARN 19760 --- [restartedMain] JpaBaseConfiguration$JpaWebConfiguration : spring.jpa.open-in-view is enabled by default. Therefore, database queries may be performed during view rendering. Explicitly configure spring.jpa.open-in-view to disable this warning
2023-06-05 09:07:49.400  INFO 19760 --- [restartedMain] o.s.b.d.a.OptionalLiveReloadServer       : LiveReload server is running on port 35729
2023-06-05 09:07:49.418  INFO 19760 --- [restartedMain] o.s.b.w.embedded.tomcat.TomcatWebServer  : Tomcat started on port(s): 8084 (http) with context path ''
2023-06-05 09:07:49.432  INFO 19760 --- [restartedMain] c.c.e.r.ReservationsApplication          : Started ReservationsApplication in 1.532 seconds (JVM running for 691.901)
2023-06-05 09:07:49.433  INFO 19760 --- [restartedMain] .ConditionEvaluationDeltaLoggingListener : Condition evaluation unchanged
2023-06-05 09:07:55.542  INFO 19760 --- [http-nio-8084-exec-2] o.a.c.c.C.[Tomcat].[localhost].[/]       : Initializing Spring DispatcherServlet 'dispatcherServlet'
2023-06-05 09:07:55.543  INFO 19760 --- [http-nio-8084-exec-2] o.s.web.servlet.DispatcherServlet        : Initializing Servlet 'dispatcherServlet'
2023-06-05 09:07:55.545  INFO 19760 --- [http-nio-8084-exec-2] o.s.web.servlet.DispatcherServlet        : Completed initialization in 1 ms
2023-06-05 09:07:55.557 ERROR 19760 --- [http-nio-8084-exec-2] c.c.e.r.e.GlobalExceptionHandler         : uri=/api/reservations/add
2023-06-05 09:07:55.564  WARN 19760 --- [http-nio-8084-exec-2] .m.m.a.ExceptionHandlerExceptionResolver : Resolved [org.springframework.http.converter.HttpMessageNotReadableException: JSON parse error: Cannot deserialize value of type `java.time.LocalDate` from String "26-05-2001": Failed to deserialize java.time.LocalDate: (java.time.format.DateTimeParseException) Text '26-05-2001' could not be parsed at index 0; nested exception is com.fasterxml.jackson.databind.exc.InvalidFormatException: Cannot deserialize value of type `java.time.LocalDate` from String "26-05-2001": Failed to deserialize java.time.LocalDate: (java.time.format.DateTimeParseException) Text '26-05-2001' could not be parsed at index 0<EOL> at [Source: (org.springframework.util.StreamUtils$NonClosingInputStream); line: 9, column: 18] (through reference chain: com.cognizant.employeetraveldesk.reservations.model.ReservationsDTO["createdOn"])]
2023-06-05 09:09:02.975  INFO 19760 --- [File Watcher] rtingClassPathChangeChangedEventListener : Restarting due to 1 class path change (0 additions, 0 deletions, 1 modification)
2023-06-05 09:09:03.157  INFO 19760 --- [Thread-17] o.apache.catalina.core.StandardService   : Stopping service [Tomcat]
2023-06-05 09:09:03.160  INFO 19760 --- [Thread-17] o.a.c.c.C.[Tomcat].[localhost].[/]       : Destroying Spring FrameworkServlet 'dispatcherServlet'
2023-06-05 09:09:03.172  INFO 19760 --- [Thread-17] j.LocalContainerEntityManagerFactoryBean : Closing JPA EntityManagerFactory for persistence unit 'default'
2023-06-05 09:09:03.173  INFO 19760 --- [Thread-17] com.zaxxer.hikari.HikariDataSource       : mydatabase - Shutdown initiated...
2023-06-05 09:09:03.181  INFO 19760 --- [Thread-17] com.zaxxer.hikari.HikariDataSource       : mydatabase - Shutdown completed.
2023-06-05 09:09:03.387  INFO 19760 --- [restartedMain] c.c.e.r.ReservationsApplication          : Starting ReservationsApplication using Java 1.8.0_202 on DESKTOP-M2VPVFJ with PID 19760 (C:\Users\HP\Desktop\IDP-EMPLOYEE-TRAVEL-DESK\Backend\Mukund\reservations\target\classes started by HP in C:\Users\HP\Desktop\IDP-EMPLOYEE-TRAVEL-DESK\Backend\Mukund\reservations)
2023-06-05 09:09:03.388  INFO 19760 --- [restartedMain] c.c.e.r.ReservationsApplication          : No active profile set, falling back to 1 default profile: "default"
2023-06-05 09:09:03.665  INFO 19760 --- [restartedMain] .s.d.r.c.RepositoryConfigurationDelegate : Bootstrapping Spring Data JPA repositories in DEFAULT mode.
2023-06-05 09:09:03.702  INFO 19760 --- [restartedMain] .s.d.r.c.RepositoryConfigurationDelegate : Finished Spring Data repository scanning in 36 ms. Found 3 JPA repository interfaces.
2023-06-05 09:09:03.846  INFO 19760 --- [restartedMain] o.s.b.w.embedded.tomcat.TomcatWebServer  : Tomcat initialized with port(s): 8084 (http)
2023-06-05 09:09:03.847  INFO 19760 --- [restartedMain] o.apache.catalina.core.StandardService   : Starting service [Tomcat]
2023-06-05 09:09:03.849  INFO 19760 --- [restartedMain] org.apache.catalina.core.StandardEngine  : Starting Servlet engine: [Apache Tomcat/9.0.75]
2023-06-05 09:09:03.866  INFO 19760 --- [restartedMain] o.a.c.c.C.[Tomcat].[localhost].[/]       : Initializing Spring embedded WebApplicationContext
2023-06-05 09:09:03.866  INFO 19760 --- [restartedMain] w.s.c.ServletWebServerApplicationContext : Root WebApplicationContext: initialization completed in 474 ms
2023-06-05 09:09:03.902  INFO 19760 --- [restartedMain] com.zaxxer.hikari.HikariDataSource       : mydatabase - Starting...
2023-06-05 09:09:03.919  INFO 19760 --- [restartedMain] com.zaxxer.hikari.HikariDataSource       : mydatabase - Start completed.
2023-06-05 09:09:03.925  INFO 19760 --- [restartedMain] o.hibernate.jpa.internal.util.LogHelper  : HHH000204: Processing PersistenceUnitInfo [name: default]
2023-06-05 09:09:03.932  INFO 19760 --- [restartedMain] org.hibernate.dialect.Dialect            : HHH000400: Using dialect: org.hibernate.dialect.MySQL5Dialect
2023-06-05 09:09:03.991  INFO 19760 --- [restartedMain] o.h.e.t.j.p.i.JtaPlatformInitiator       : HHH000490: Using JtaPlatform implementation: [org.hibernate.engine.transaction.jta.platform.internal.NoJtaPlatform]
2023-06-05 09:09:03.992  INFO 19760 --- [restartedMain] j.LocalContainerEntityManagerFactoryBean : Initialized JPA EntityManagerFactory for persistence unit 'default'
2023-06-05 09:09:04.193  WARN 19760 --- [restartedMain] JpaBaseConfiguration$JpaWebConfiguration : spring.jpa.open-in-view is enabled by default. Therefore, database queries may be performed during view rendering. Explicitly configure spring.jpa.open-in-view to disable this warning
2023-06-05 09:09:04.311  INFO 19760 --- [restartedMain] o.s.b.d.a.OptionalLiveReloadServer       : LiveReload server is running on port 35729
2023-06-05 09:09:04.325  INFO 19760 --- [restartedMain] o.s.b.w.embedded.tomcat.TomcatWebServer  : Tomcat started on port(s): 8084 (http) with context path ''
2023-06-05 09:09:04.331  INFO 19760 --- [restartedMain] c.c.e.r.ReservationsApplication          : Started ReservationsApplication in 0.985 seconds (JVM running for 766.799)
2023-06-05 09:09:04.332  INFO 19760 --- [restartedMain] .ConditionEvaluationDeltaLoggingListener : Condition evaluation unchanged
2023-06-05 09:10:32.672  INFO 19760 --- [File Watcher] rtingClassPathChangeChangedEventListener : Restarting due to 1 class path change (0 additions, 0 deletions, 1 modification)
2023-06-05 09:10:32.862  INFO 19760 --- [Thread-21] o.apache.catalina.core.StandardService   : Stopping service [Tomcat]
2023-06-05 09:10:32.872  INFO 19760 --- [Thread-21] j.LocalContainerEntityManagerFactoryBean : Closing JPA EntityManagerFactory for persistence unit 'default'
2023-06-05 09:10:32.872  INFO 19760 --- [Thread-21] com.zaxxer.hikari.HikariDataSource       : mydatabase - Shutdown initiated...
2023-06-05 09:10:32.881  INFO 19760 --- [Thread-21] com.zaxxer.hikari.HikariDataSource       : mydatabase - Shutdown completed.
2023-06-05 09:10:33.078  INFO 19760 --- [restartedMain] c.c.e.r.ReservationsApplication          : Starting ReservationsApplication using Java 1.8.0_202 on DESKTOP-M2VPVFJ with PID 19760 (C:\Users\HP\Desktop\IDP-EMPLOYEE-TRAVEL-DESK\Backend\Mukund\reservations\target\classes started by HP in C:\Users\HP\Desktop\IDP-EMPLOYEE-TRAVEL-DESK\Backend\Mukund\reservations)
2023-06-05 09:10:33.079  INFO 19760 --- [restartedMain] c.c.e.r.ReservationsApplication          : No active profile set, falling back to 1 default profile: "default"
2023-06-05 09:10:33.324  INFO 19760 --- [restartedMain] .s.d.r.c.RepositoryConfigurationDelegate : Bootstrapping Spring Data JPA repositories in DEFAULT mode.
2023-06-05 09:10:33.356  INFO 19760 --- [restartedMain] .s.d.r.c.RepositoryConfigurationDelegate : Finished Spring Data repository scanning in 31 ms. Found 3 JPA repository interfaces.
2023-06-05 09:10:33.504  INFO 19760 --- [restartedMain] o.s.b.w.embedded.tomcat.TomcatWebServer  : Tomcat initialized with port(s): 8084 (http)
2023-06-05 09:10:33.505  INFO 19760 --- [restartedMain] o.apache.catalina.core.StandardService   : Starting service [Tomcat]
2023-06-05 09:10:33.505  INFO 19760 --- [restartedMain] org.apache.catalina.core.StandardEngine  : Starting Servlet engine: [Apache Tomcat/9.0.75]
2023-06-05 09:10:33.521  INFO 19760 --- [restartedMain] o.a.c.c.C.[Tomcat].[localhost].[/]       : Initializing Spring embedded WebApplicationContext
2023-06-05 09:10:33.521  INFO 19760 --- [restartedMain] w.s.c.ServletWebServerApplicationContext : Root WebApplicationContext: initialization completed in 438 ms
2023-06-05 09:10:33.555  INFO 19760 --- [restartedMain] com.zaxxer.hikari.HikariDataSource       : mydatabase - Starting...
2023-06-05 09:10:33.571  INFO 19760 --- [restartedMain] com.zaxxer.hikari.HikariDataSource       : mydatabase - Start completed.
2023-06-05 09:10:33.579  INFO 19760 --- [restartedMain] o.hibernate.jpa.internal.util.LogHelper  : HHH000204: Processing PersistenceUnitInfo [name: default]
2023-06-05 09:10:33.585  INFO 19760 --- [restartedMain] org.hibernate.dialect.Dialect            : HHH000400: Using dialect: org.hibernate.dialect.MySQL5Dialect
2023-06-05 09:10:33.661  INFO 19760 --- [restartedMain] o.h.e.t.j.p.i.JtaPlatformInitiator       : HHH000490: Using JtaPlatform implementation: [org.hibernate.engine.transaction.jta.platform.internal.NoJtaPlatform]
2023-06-05 09:10:33.662  INFO 19760 --- [restartedMain] j.LocalContainerEntityManagerFactoryBean : Initialized JPA EntityManagerFactory for persistence unit 'default'
2023-06-05 09:10:33.978  WARN 19760 --- [restartedMain] JpaBaseConfiguration$JpaWebConfiguration : spring.jpa.open-in-view is enabled by default. Therefore, database queries may be performed during view rendering. Explicitly configure spring.jpa.open-in-view to disable this warning
2023-06-05 09:10:34.156  INFO 19760 --- [restartedMain] o.s.b.d.a.OptionalLiveReloadServer       : LiveReload server is running on port 35729
2023-06-05 09:10:34.173  INFO 19760 --- [restartedMain] o.s.b.w.embedded.tomcat.TomcatWebServer  : Tomcat started on port(s): 8084 (http) with context path ''
2023-06-05 09:10:34.178  INFO 19760 --- [restartedMain] c.c.e.r.ReservationsApplication          : Started ReservationsApplication in 1.142 seconds (JVM running for 856.647)
2023-06-05 09:10:34.180  INFO 19760 --- [restartedMain] .ConditionEvaluationDeltaLoggingListener : Condition evaluation unchanged
2023-06-05 09:11:03.246  INFO 19760 --- [http-nio-8084-exec-2] o.a.c.c.C.[Tomcat].[localhost].[/]       : Initializing Spring DispatcherServlet 'dispatcherServlet'
2023-06-05 09:11:03.248  INFO 19760 --- [http-nio-8084-exec-2] o.s.web.servlet.DispatcherServlet        : Initializing Servlet 'dispatcherServlet'
2023-06-05 09:11:03.251  INFO 19760 --- [http-nio-8084-exec-2] o.s.web.servlet.DispatcherServlet        : Completed initialization in 2 ms
2023-06-05 09:11:03.380 ERROR 19760 --- [http-nio-8084-exec-2] c.c.e.r.e.GlobalExceptionHandler         : Confirmation Id must be at least 1
2023-06-05 09:11:03.386  WARN 19760 --- [http-nio-8084-exec-2] .m.m.a.ExceptionHandlerExceptionResolver : Resolved [org.springframework.web.bind.MethodArgumentNotValidException: Validation failed for argument [0] in public org.springframework.http.ResponseEntity<java.lang.Void> com.cognizant.employeetraveldesk.reservations.controller.ReservationsController.addReservatios(com.cognizant.employeetraveldesk.reservations.model.ReservationsDTO): [Field error in object 'reservationsDTO' on field 'confirmationId': rejected value [AB]; codes [Min.reservationsDTO.confirmationId,Min.confirmationId,Min.java.lang.String,Min]; arguments [org.springframework.context.support.DefaultMessageSourceResolvable: codes [reservationsDTO.confirmationId,confirmationId]; arguments []; default message [confirmationId],1]; default message [Confirmation Id must be at least 1]] ]
2023-06-05 09:11:41.015  INFO 19760 --- [File Watcher] rtingClassPathChangeChangedEventListener : Restarting due to 1 class path change (0 additions, 0 deletions, 1 modification)
2023-06-05 09:11:41.446  INFO 19760 --- [Thread-25] o.apache.catalina.core.StandardService   : Stopping service [Tomcat]
2023-06-05 09:11:41.447  INFO 19760 --- [Thread-25] o.a.c.c.C.[Tomcat].[localhost].[/]       : Destroying Spring FrameworkServlet 'dispatcherServlet'
2023-06-05 09:11:41.482  INFO 19760 --- [Thread-25] j.LocalContainerEntityManagerFactoryBean : Closing JPA EntityManagerFactory for persistence unit 'default'
2023-06-05 09:11:41.487  INFO 19760 --- [Thread-25] com.zaxxer.hikari.HikariDataSource       : mydatabase - Shutdown initiated...
2023-06-05 09:11:41.523  INFO 19760 --- [Thread-25] com.zaxxer.hikari.HikariDataSource       : mydatabase - Shutdown completed.
2023-06-05 09:11:41.886  INFO 19760 --- [restartedMain] c.c.e.r.ReservationsApplication          : Starting ReservationsApplication using Java 1.8.0_202 on DESKTOP-M2VPVFJ with PID 19760 (C:\Users\HP\Desktop\IDP-EMPLOYEE-TRAVEL-DESK\Backend\Mukund\reservations\target\classes started by HP in C:\Users\HP\Desktop\IDP-EMPLOYEE-TRAVEL-DESK\Backend\Mukund\reservations)
2023-06-05 09:11:41.886  INFO 19760 --- [restartedMain] c.c.e.r.ReservationsApplication          : No active profile set, falling back to 1 default profile: "default"
2023-06-05 09:11:42.235  INFO 19760 --- [restartedMain] .s.d.r.c.RepositoryConfigurationDelegate : Bootstrapping Spring Data JPA repositories in DEFAULT mode.
2023-06-05 09:11:42.277  INFO 19760 --- [restartedMain] .s.d.r.c.RepositoryConfigurationDelegate : Finished Spring Data repository scanning in 41 ms. Found 3 JPA repository interfaces.
2023-06-05 09:11:42.444  INFO 19760 --- [restartedMain] o.s.b.w.embedded.tomcat.TomcatWebServer  : Tomcat initialized with port(s): 8084 (http)
2023-06-05 09:11:42.445  INFO 19760 --- [restartedMain] o.apache.catalina.core.StandardService   : Starting service [Tomcat]
2023-06-05 09:11:42.446  INFO 19760 --- [restartedMain] org.apache.catalina.core.StandardEngine  : Starting Servlet engine: [Apache Tomcat/9.0.75]
2023-06-05 09:11:42.463  INFO 19760 --- [restartedMain] o.a.c.c.C.[Tomcat].[localhost].[/]       : Initializing Spring embedded WebApplicationContext
2023-06-05 09:11:42.463  INFO 19760 --- [restartedMain] w.s.c.ServletWebServerApplicationContext : Root WebApplicationContext: initialization completed in 574 ms
2023-06-05 09:11:42.502  INFO 19760 --- [restartedMain] com.zaxxer.hikari.HikariDataSource       : mydatabase - Starting...
2023-06-05 09:11:42.516  INFO 19760 --- [restartedMain] com.zaxxer.hikari.HikariDataSource       : mydatabase - Start completed.
2023-06-05 09:11:42.524  INFO 19760 --- [restartedMain] o.hibernate.jpa.internal.util.LogHelper  : HHH000204: Processing PersistenceUnitInfo [name: default]
2023-06-05 09:11:42.529  INFO 19760 --- [restartedMain] org.hibernate.dialect.Dialect            : HHH000400: Using dialect: org.hibernate.dialect.MySQL5Dialect
2023-06-05 09:11:42.586  INFO 19760 --- [restartedMain] o.h.e.t.j.p.i.JtaPlatformInitiator       : HHH000490: Using JtaPlatform implementation: [org.hibernate.engine.transaction.jta.platform.internal.NoJtaPlatform]
2023-06-05 09:11:42.586  INFO 19760 --- [restartedMain] j.LocalContainerEntityManagerFactoryBean : Initialized JPA EntityManagerFactory for persistence unit 'default'
2023-06-05 09:11:43.191  WARN 19760 --- [restartedMain] JpaBaseConfiguration$JpaWebConfiguration : spring.jpa.open-in-view is enabled by default. Therefore, database queries may be performed during view rendering. Explicitly configure spring.jpa.open-in-view to disable this warning
2023-06-05 09:11:43.414  INFO 19760 --- [restartedMain] o.s.b.d.a.OptionalLiveReloadServer       : LiveReload server is running on port 35729
2023-06-05 09:11:43.437  INFO 19760 --- [restartedMain] o.s.b.w.embedded.tomcat.TomcatWebServer  : Tomcat started on port(s): 8084 (http) with context path ''
2023-06-05 09:11:43.445  INFO 19760 --- [restartedMain] c.c.e.r.ReservationsApplication          : Started ReservationsApplication in 1.599 seconds (JVM running for 925.914)
2023-06-05 09:11:43.448  INFO 19760 --- [restartedMain] .ConditionEvaluationDeltaLoggingListener : Condition evaluation unchanged
2023-06-05 09:11:46.916  INFO 19760 --- [http-nio-8084-exec-2] o.a.c.c.C.[Tomcat].[localhost].[/]       : Initializing Spring DispatcherServlet 'dispatcherServlet'
2023-06-05 09:11:46.917  INFO 19760 --- [http-nio-8084-exec-2] o.s.web.servlet.DispatcherServlet        : Initializing Servlet 'dispatcherServlet'
2023-06-05 09:11:46.918  INFO 19760 --- [http-nio-8084-exec-2] o.s.web.servlet.DispatcherServlet        : Completed initialization in 1 ms
2023-06-05 09:11:46.947 ERROR 19760 --- [http-nio-8084-exec-2] c.c.e.r.e.GlobalExceptionHandler         : Confirmation Id must have more than 5 symbols
2023-06-05 09:11:46.955  WARN 19760 --- [http-nio-8084-exec-2] .m.m.a.ExceptionHandlerExceptionResolver : Resolved [org.springframework.web.bind.MethodArgumentNotValidException: Validation failed for argument [0] in public org.springframework.http.ResponseEntity<java.lang.Void> com.cognizant.employeetraveldesk.reservations.controller.ReservationsController.addReservatios(com.cognizant.employeetraveldesk.reservations.model.ReservationsDTO): [Field error in object 'reservationsDTO' on field 'confirmationId': rejected value [AB]; codes [Size.reservationsDTO.confirmationId,Size.confirmationId,Size.java.lang.String,Size]; arguments [org.springframework.context.support.DefaultMessageSourceResolvable: codes [reservationsDTO.confirmationId,confirmationId]; arguments []; default message [confirmationId],2147483647,5]; default message [Confirmation Id must have more than 5 symbols]] ]
2023-06-05 10:15:00.628  INFO 19760 --- [RMI TCP Connection(83)-127.0.0.1] inMXBeanRegistrar$SpringApplicationAdmin : Application shutdown requested.
2023-06-05 10:15:00.813  INFO 19760 --- [RMI TCP Connection(83)-127.0.0.1] o.apache.catalina.core.StandardService   : Stopping service [Tomcat]
2023-06-05 10:15:00.816  INFO 19760 --- [RMI TCP Connection(83)-127.0.0.1] o.a.c.c.C.[Tomcat].[localhost].[/]       : Destroying Spring FrameworkServlet 'dispatcherServlet'
2023-06-05 10:15:00.829  INFO 19760 --- [RMI TCP Connection(83)-127.0.0.1] j.LocalContainerEntityManagerFactoryBean : Closing JPA EntityManagerFactory for persistence unit 'default'
2023-06-05 10:15:00.830  INFO 19760 --- [RMI TCP Connection(83)-127.0.0.1] com.zaxxer.hikari.HikariDataSource       : mydatabase - Shutdown initiated...
2023-06-05 10:15:00.835  INFO 19760 --- [RMI TCP Connection(83)-127.0.0.1] com.zaxxer.hikari.HikariDataSource       : mydatabase - Shutdown completed.
